# JRE version: OpenJDK Runtime Environment Temurin-17.0.4.1+1 (17.0.4.1+1) (build 17.0.4.1+1)
# Java VM: OpenJDK 64-Bit Server VM Temurin-17.0.4.1+1 (17.0.4.1+1, mixed mode, emulated-client, tiered, compressed oops, compressed class ptrs, g1 gc, windows-amd64)
GC Precious Log:
 CPUs: 2 total, 2 available
 Memory: 3986M
 Large Page Support: Disabled
 NUMA Support: Disabled
 Compressed Oops: Enabled (32-bit)
 Heap Region Size: 1M
 Heap Min Capacity: 8M
 Heap Initial Capacity: 64M
 Heap Max Capacity: 998M
 Pre-touch: Disabled
 Parallel Workers: 2
 Concurrent Workers: 1
 Concurrent Refinement Workers: 2
 Periodic GC: Disabled
Heap:
 garbage-first heap   total 471040K, used 292019K [0x00000000c1a00000, 0x0000000100000000)
  region size 1024K, 18 young (18432K), 4 survivors (4096K)
 Metaspace       used 52328K, committed 52672K, reserved 1097728K
  class space    used 6925K, committed 7104K, reserved 1048576K
GC Heap History (20 events):
Event: 194.608 GC heap before
{Heap before GC invocations=55 (full 0):
 garbage-first heap   total 334848K, used 289855K [0x00000000c1a00000, 0x0000000100000000)
  region size 1024K, 82 young (83968K), 9 survivors (9216K)
 Metaspace       used 45449K, committed 45824K, reserved 1089536K
  class space    used 5610K, committed 5760K, reserved 1048576K
}
Event: 194.630 GC heap after
{Heap after GC invocations=56 (full 0):
 garbage-first heap   total 334848K, used 219590K [0x00000000c1a00000, 0x0000000100000000)
  region size 1024K, 8 young (8192K), 8 survivors (8192K)
 Metaspace       used 45449K, committed 45824K, reserved 1089536K
  class space    used 5610K, committed 5760K, reserved 1048576K
}
Event: 195.168 GC heap before
{Heap before GC invocations=56 (full 0):
 garbage-first heap   total 334848K, used 290246K [0x00000000c1a00000, 0x0000000100000000)
  region size 1024K, 79 young (80896K), 8 survivors (8192K)
 Metaspace       used 45449K, committed 45824K, reserved 1089536K
  class space    used 5610K, committed 5760K, reserved 1048576K
}
Event: 195.189 GC heap after
{Heap after GC invocations=57 (full 0):
 garbage-first heap   total 334848K, used 223253K [0x00000000c1a00000, 0x0000000100000000)
  region size 1024K, 8 young (8192K), 8 survivors (8192K)
 Metaspace       used 45449K, committed 45824K, reserved 1089536K
  class space    used 5610K, committed 5760K, reserved 1048576K
}
Event: 195.635 GC heap before
{Heap before GC invocations=57 (full 0):
 garbage-first heap   total 334848K, used 289813K [0x00000000c1a00000, 0x0000000100000000)
  region size 1024K, 74 young (75776K), 8 survivors (8192K)
 Metaspace       used 45449K, committed 45824K, reserved 1089536K
  class space    used 5610K, committed 5760K, reserved 1048576K
}
Event: 195.657 GC heap after
{Heap after GC invocations=58 (full 0):
 garbage-first heap   total 334848K, used 226280K [0x00000000c1a00000, 0x0000000100000000)
  region size 1024K, 7 young (7168K), 7 survivors (7168K)
 Metaspace       used 45449K, committed 45824K, reserved 1089536K
  class space    used 5610K, committed 5760K, reserved 1048576K
}
Event: 196.078 GC heap before
{Heap before GC invocations=58 (full 0):
 garbage-first heap   total 334848K, used 292840K [0x00000000c1a00000, 0x0000000100000000)
  region size 1024K, 71 young (72704K), 7 survivors (7168K)
 Metaspace       used 45449K, committed 45824K, reserved 1089536K
  class space    used 5610K, committed 5760K, reserved 1048576K
}
Event: 196.104 GC heap after
{Heap after GC invocations=59 (full 0):
 garbage-first heap   total 334848K, used 231995K [0x00000000c1a00000, 0x0000000100000000)
  region size 1024K, 7 young (7168K), 7 survivors (7168K)
 Metaspace       used 45449K, committed 45824K, reserved 1089536K
  class space    used 5610K, committed 5760K, reserved 1048576K
}
Event: 196.601 GC heap before
{Heap before GC invocations=59 (full 0):
 garbage-first heap   total 334848K, used 290363K [0x00000000c1a00000, 0x0000000100000000)
  region size 1024K, 65 young (66560K), 7 survivors (7168K)
 Metaspace       used 45449K, committed 45824K, reserved 1089536K
  class space    used 5610K, committed 5760K, reserved 1048576K
}
Event: 196.629 GC heap after
{Heap after GC invocations=60 (full 0):
 garbage-first heap   total 334848K, used 235887K [0x00000000c1a00000, 0x0000000100000000)
  region size 1024K, 7 young (7168K), 7 survivors (7168K)
 Metaspace       used 45449K, committed 45824K, reserved 1089536K
  class space    used 5610K, committed 5760K, reserved 1048576K
}
Event: 197.110 GC heap before
{Heap before GC invocations=60 (full 0):
 garbage-first heap   total 334848K, used 291183K [0x00000000c1a00000, 0x0000000100000000)
  region size 1024K, 62 young (63488K), 7 survivors (7168K)
 Metaspace       used 45449K, committed 45824K, reserved 1089536K
  class space    used 5610K, committed 5760K, reserved 1048576K
}
Event: 197.136 GC heap after
{Heap after GC invocations=61 (full 0):
 garbage-first heap   total 362496K, used 238572K [0x00000000c1a00000, 0x0000000100000000)
  region size 1024K, 6 young (6144K), 6 survivors (6144K)
 Metaspace       used 45449K, committed 45824K, reserved 1089536K
  class space    used 5610K, committed 5760K, reserved 1048576K
}
Event: 198.309 GC heap before
{Heap before GC invocations=61 (full 0):
 garbage-first heap   total 362496K, used 314348K [0x00000000c1a00000, 0x0000000100000000)
  region size 1024K, 80 young (81920K), 6 survivors (6144K)
 Metaspace       used 45486K, committed 45824K, reserved 1089536K
  class space    used 5613K, committed 5760K, reserved 1048576K
}
Event: 198.355 GC heap after
{Heap after GC invocations=62 (full 0):
 garbage-first heap   total 362496K, used 248139K [0x00000000c1a00000, 0x0000000100000000)
  region size 1024K, 10 young (10240K), 10 survivors (10240K)
 Metaspace       used 45486K, committed 45824K, reserved 1089536K
  class space    used 5613K, committed 5760K, reserved 1048576K
}
Event: 201.065 GC heap before
{Heap before GC invocations=62 (full 0):
 garbage-first heap   total 362496K, used 310603K [0x00000000c1a00000, 0x0000000100000000)
  region size 1024K, 70 young (71680K), 10 survivors (10240K)
 Metaspace       used 49124K, committed 49472K, reserved 1097728K
  class space    used 6349K, committed 6528K, reserved 1048576K
}
Event: 201.240 GC heap after
{Heap after GC invocations=63 (full 0):
 garbage-first heap   total 362496K, used 278195K [0x00000000c1a00000, 0x0000000100000000)
  region size 1024K, 9 young (9216K), 9 survivors (9216K)
 Metaspace       used 49124K, committed 49472K, reserved 1097728K
  class space    used 6349K, committed 6528K, reserved 1048576K
}
Event: 202.754 GC heap before
{Heap before GC invocations=63 (full 0):
 garbage-first heap   total 362496K, used 306867K [0x00000000c1a00000, 0x0000000100000000)
  region size 1024K, 38 young (38912K), 9 survivors (9216K)
 Metaspace       used 50964K, committed 51328K, reserved 1097728K
  class space    used 6724K, committed 6912K, reserved 1048576K
}
Event: 202.854 GC heap after
{Heap after GC invocations=64 (full 0):
 garbage-first heap   total 362496K, used 283827K [0x00000000c1a00000, 0x0000000100000000)
  region size 1024K, 5 young (5120K), 5 survivors (5120K)
 Metaspace       used 50964K, committed 51328K, reserved 1097728K
  class space    used 6724K, committed 6912K, reserved 1048576K
}
Event: 203.861 GC heap before
{Heap before GC invocations=65 (full 0):
 garbage-first heap   total 471040K, used 300211K [0x00000000c1a00000, 0x0000000100000000)
  region size 1024K, 31 young (31744K), 5 survivors (5120K)
 Metaspace       used 50964K, committed 51328K, reserved 1097728K
  class space    used 6724K, committed 6912K, reserved 1048576K
}
Event: 203.901 GC heap after
{Heap after GC invocations=66 (full 0):
 garbage-first heap   total 471040K, used 279731K [0x00000000c1a00000, 0x0000000100000000)
  region size 1024K, 4 young (4096K), 4 survivors (4096K)
 Metaspace       used 50964K, committed 51328K, reserved 1097728K
  class space    used 6724K, committed 6912K, reserved 1048576K
}

