# JRE version: OpenJDK Runtime Environment Temurin-17.0.2+8 (17.0.2+8) (build 17.0.2+8)
# Java VM: OpenJDK 64-Bit Server VM Temurin-17.0.2+8 (17.0.2+8, mixed mode, sharing, tiered, compressed oops, compressed class ptrs, parallel gc, windows-amd64)
GC Precious Log:
 CPUs: 2 total, 2 available
 Memory: 3986M
 Large Page Support: Disabled
 NUMA Support: Disabled
 Compressed Oops: Enabled (32-bit)
 Alignments: Space 512K, Generation 512K, Heap 2M
 Heap Min Capacity: 100M
 Heap Initial Capacity: 100M
 Heap Max Capacity: 1G
 Pre-touch: Disabled
 Parallel Workers: 2
Heap:
 PSYoungGen      total 21504K, used 162K [0x00000000eab00000, 0x00000000ec180000, 0x0000000100000000)
  eden space 20992K, 0% used [0x00000000eab00000,0x00000000eab00000,0x00000000ebf80000)
  from space 512K, 31% used [0x00000000ec100000,0x00000000ec128a78,0x00000000ec180000)
  to   space 512K, 0% used [0x00000000ebf80000,0x00000000ebf80000,0x00000000ec000000)
 ParOldGen       total 68608K, used 38372K [0x00000000c0000000, 0x00000000c4300000, 0x00000000eab00000)
  object space 68608K, 55% used [0x00000000c0000000,0x00000000c25792b8,0x00000000c4300000)
 Metaspace       used 35123K, committed 35840K, reserved 1081344K
  class space    used 3436K, committed 3776K, reserved 1048576K
GC Heap History (20 events):
Event: 445.506 GC heap before
{Heap before GC invocations=33 (full 1):
 PSYoungGen      total 22528K, used 22432K [0x00000000eab00000, 0x00000000ec280000, 0x0000000100000000)
  eden space 22016K, 100% used [0x00000000eab00000,0x00000000ec080000,0x00000000ec080000)
  from space 512K, 81% used [0x00000000ec180000,0x00000000ec1e8000,0x00000000ec200000)
  to   space 512K, 0% used [0x00000000ec200000,0x00000000ec200000,0x00000000ec280000)
 ParOldGen       total 68608K, used 33948K [0x00000000c0000000, 0x00000000c4300000, 0x00000000eab00000)
  object space 68608K, 49% used [0x00000000c0000000,0x00000000c2127280,0x00000000c4300000)
 Metaspace       used 29918K, committed 30656K, reserved 1081344K
  class space    used 2891K, committed 3200K, reserved 1048576K
}
Event: 445.510 GC heap after
{Heap after GC invocations=33 (full 1):
 PSYoungGen      total 22528K, used 504K [0x00000000eab00000, 0x00000000ec280000, 0x0000000100000000)
  eden space 22016K, 0% used [0x00000000eab00000,0x00000000eab00000,0x00000000ec080000)
  from space 512K, 98% used [0x00000000ec200000,0x00000000ec27e1a8,0x00000000ec280000)
  to   space 1024K, 0% used [0x00000000ec080000,0x00000000ec080000,0x00000000ec180000)
 ParOldGen       total 68608K, used 34356K [0x00000000c0000000, 0x00000000c4300000, 0x00000000eab00000)
  object space 68608K, 50% used [0x00000000c0000000,0x00000000c218d280,0x00000000c4300000)
 Metaspace       used 29918K, committed 30656K, reserved 1081344K
  class space    used 2891K, committed 3200K, reserved 1048576K
}
Event: 448.201 GC heap before
{Heap before GC invocations=34 (full 1):
 PSYoungGen      total 22528K, used 22520K [0x00000000eab00000, 0x00000000ec280000, 0x0000000100000000)
  eden space 22016K, 99% used [0x00000000eab00000,0x00000000ec07ff70,0x00000000ec080000)
  from space 512K, 98% used [0x00000000ec200000,0x00000000ec27e1a8,0x00000000ec280000)
  to   space 1024K, 0% used [0x00000000ec080000,0x00000000ec080000,0x00000000ec180000)
 ParOldGen       total 68608K, used 34356K [0x00000000c0000000, 0x00000000c4300000, 0x00000000eab00000)
  object space 68608K, 50% used [0x00000000c0000000,0x00000000c218d280,0x00000000c4300000)
 Metaspace       used 29918K, committed 30656K, reserved 1081344K
  class space    used 2891K, committed 3200K, reserved 1048576K
}
Event: 448.207 GC heap after
{Heap after GC invocations=34 (full 1):
 PSYoungGen      total 23040K, used 416K [0x00000000eab00000, 0x00000000ec280000, 0x0000000100000000)
  eden space 22016K, 0% used [0x00000000eab00000,0x00000000eab00000,0x00000000ec080000)
  from space 1024K, 40% used [0x00000000ec080000,0x00000000ec0e8000,0x00000000ec180000)
  to   space 1024K, 0% used [0x00000000ec180000,0x00000000ec180000,0x00000000ec280000)
 ParOldGen       total 68608K, used 34853K [0x00000000c0000000, 0x00000000c4300000, 0x00000000eab00000)
  object space 68608K, 50% used [0x00000000c0000000,0x00000000c2209428,0x00000000c4300000)
 Metaspace       used 29918K, committed 30656K, reserved 1081344K
  class space    used 2891K, committed 3200K, reserved 1048576K
}
Event: 451.822 GC heap before
{Heap before GC invocations=35 (full 1):
 PSYoungGen      total 23040K, used 22432K [0x00000000eab00000, 0x00000000ec280000, 0x0000000100000000)
  eden space 22016K, 100% used [0x00000000eab00000,0x00000000ec080000,0x00000000ec080000)
  from space 1024K, 40% used [0x00000000ec080000,0x00000000ec0e8000,0x00000000ec180000)
  to   space 1024K, 0% used [0x00000000ec180000,0x00000000ec180000,0x00000000ec280000)
 ParOldGen       total 68608K, used 34853K [0x00000000c0000000, 0x00000000c4300000, 0x00000000eab00000)
  object space 68608K, 50% used [0x00000000c0000000,0x00000000c2209428,0x00000000c4300000)
 Metaspace       used 29918K, committed 30656K, reserved 1081344K
  class space    used 2891K, committed 3200K, reserved 1048576K
}
Event: 451.827 GC heap after
{Heap after GC invocations=35 (full 1):
 PSYoungGen      total 22528K, used 448K [0x00000000eab00000, 0x00000000ec200000, 0x0000000100000000)
  eden space 22016K, 0% used [0x00000000eab00000,0x00000000eab00000,0x00000000ec080000)
  from space 512K, 87% used [0x00000000ec180000,0x00000000ec1f0000,0x00000000ec200000)
  to   space 512K, 0% used [0x00000000ec100000,0x00000000ec100000,0x00000000ec180000)
 ParOldGen       total 68608K, used 35261K [0x00000000c0000000, 0x00000000c4300000, 0x00000000eab00000)
  object space 68608K, 51% used [0x00000000c0000000,0x00000000c226f428,0x00000000c4300000)
 Metaspace       used 29918K, committed 30656K, reserved 1081344K
  class space    used 2891K, committed 3200K, reserved 1048576K
}
Event: 455.604 GC heap before
{Heap before GC invocations=36 (full 1):
 PSYoungGen      total 22528K, used 22464K [0x00000000eab00000, 0x00000000ec200000, 0x0000000100000000)
  eden space 22016K, 100% used [0x00000000eab00000,0x00000000ec080000,0x00000000ec080000)
  from space 512K, 87% used [0x00000000ec180000,0x00000000ec1f0000,0x00000000ec200000)
  to   space 512K, 0% used [0x00000000ec100000,0x00000000ec100000,0x00000000ec180000)
 ParOldGen       total 68608K, used 35261K [0x00000000c0000000, 0x00000000c4300000, 0x00000000eab00000)
  object space 68608K, 51% used [0x00000000c0000000,0x00000000c226f428,0x00000000c4300000)
 Metaspace       used 29918K, committed 30656K, reserved 1081344K
  class space    used 2891K, committed 3200K, reserved 1048576K
}
Event: 455.609 GC heap after
{Heap after GC invocations=36 (full 1):
 PSYoungGen      total 22528K, used 420K [0x00000000eab00000, 0x00000000ec200000, 0x0000000100000000)
  eden space 22016K, 0% used [0x00000000eab00000,0x00000000eab00000,0x00000000ec080000)
  from space 512K, 82% used [0x00000000ec100000,0x00000000ec169278,0x00000000ec180000)
  to   space 512K, 0% used [0x00000000ec180000,0x00000000ec180000,0x00000000ec200000)
 ParOldGen       total 68608K, used 35685K [0x00000000c0000000, 0x00000000c4300000, 0x00000000eab00000)
  object space 68608K, 52% used [0x00000000c0000000,0x00000000c22d9428,0x00000000c4300000)
 Metaspace       used 29918K, committed 30656K, reserved 1081344K
  class space    used 2891K, committed 3200K, reserved 1048576K
}
Event: 461.091 GC heap before
{Heap before GC invocations=37 (full 1):
 PSYoungGen      total 22528K, used 22436K [0x00000000eab00000, 0x00000000ec200000, 0x0000000100000000)
  eden space 22016K, 100% used [0x00000000eab00000,0x00000000ec080000,0x00000000ec080000)
  from space 512K, 82% used [0x00000000ec100000,0x00000000ec169278,0x00000000ec180000)
  to   space 512K, 0% used [0x00000000ec180000,0x00000000ec180000,0x00000000ec200000)
 ParOldGen       total 68608K, used 35685K [0x00000000c0000000, 0x00000000c4300000, 0x00000000eab00000)
  object space 68608K, 52% used [0x00000000c0000000,0x00000000c22d9428,0x00000000c4300000)
 Metaspace       used 29918K, committed 30656K, reserved 1081344K
  class space    used 2891K, committed 3200K, reserved 1048576K
}
Event: 461.095 GC heap after
{Heap after GC invocations=37 (full 1):
 PSYoungGen      total 22528K, used 470K [0x00000000eab00000, 0x00000000ec200000, 0x0000000100000000)
  eden space 22016K, 0% used [0x00000000eab00000,0x00000000eab00000,0x00000000ec080000)
  from space 512K, 91% used [0x00000000ec180000,0x00000000ec1f5ba8,0x00000000ec200000)
  to   space 512K, 0% used [0x00000000ec100000,0x00000000ec100000,0x00000000ec180000)
 ParOldGen       total 68608K, used 36061K [0x00000000c0000000, 0x00000000c4300000, 0x00000000eab00000)
  object space 68608K, 52% used [0x00000000c0000000,0x00000000c2337428,0x00000000c4300000)
 Metaspace       used 29918K, committed 30656K, reserved 1081344K
  class space    used 2891K, committed 3200K, reserved 1048576K
}
Event: 469.593 GC heap before
{Heap before GC invocations=38 (full 1):
 PSYoungGen      total 22528K, used 22486K [0x00000000eab00000, 0x00000000ec200000, 0x0000000100000000)
  eden space 22016K, 100% used [0x00000000eab00000,0x00000000ec080000,0x00000000ec080000)
  from space 512K, 91% used [0x00000000ec180000,0x00000000ec1f5ba8,0x00000000ec200000)
  to   space 512K, 0% used [0x00000000ec100000,0x00000000ec100000,0x00000000ec180000)
 ParOldGen       total 68608K, used 36061K [0x00000000c0000000, 0x00000000c4300000, 0x00000000eab00000)
  object space 68608K, 52% used [0x00000000c0000000,0x00000000c2337428,0x00000000c4300000)
 Metaspace       used 29918K, committed 30656K, reserved 1081344K
  class space    used 2891K, committed 3200K, reserved 1048576K
}
Event: 469.597 GC heap after
{Heap after GC invocations=38 (full 1):
 PSYoungGen      total 22528K, used 448K [0x00000000eab00000, 0x00000000ec200000, 0x0000000100000000)
  eden space 22016K, 0% used [0x00000000eab00000,0x00000000eab00000,0x00000000ec080000)
  from space 512K, 87% used [0x00000000ec100000,0x00000000ec170000,0x00000000ec180000)
  to   space 512K, 0% used [0x00000000ec180000,0x00000000ec180000,0x00000000ec200000)
 ParOldGen       total 68608K, used 36363K [0x00000000c0000000, 0x00000000c4300000, 0x00000000eab00000)
  object space 68608K, 53% used [0x00000000c0000000,0x00000000c2382fd0,0x00000000c4300000)
 Metaspace       used 29918K, committed 30656K, reserved 1081344K
  class space    used 2891K, committed 3200K, reserved 1048576K
}
Event: 474.829 GC heap before
{Heap before GC invocations=39 (full 1):
 PSYoungGen      total 22528K, used 22464K [0x00000000eab00000, 0x00000000ec200000, 0x0000000100000000)
  eden space 22016K, 100% used [0x00000000eab00000,0x00000000ec080000,0x00000000ec080000)
  from space 512K, 87% used [0x00000000ec100000,0x00000000ec170000,0x00000000ec180000)
  to   space 512K, 0% used [0x00000000ec180000,0x00000000ec180000,0x00000000ec200000)
 ParOldGen       total 68608K, used 36363K [0x00000000c0000000, 0x00000000c4300000, 0x00000000eab00000)
  object space 68608K, 53% used [0x00000000c0000000,0x00000000c2382fd0,0x00000000c4300000)
 Metaspace       used 31065K, committed 31744K, reserved 1081344K
  class space    used 3028K, committed 3328K, reserved 1048576K
}
Event: 474.838 GC heap after
{Heap after GC invocations=39 (full 1):
 PSYoungGen      total 22528K, used 448K [0x00000000eab00000, 0x00000000ec200000, 0x0000000100000000)
  eden space 22016K, 0% used [0x00000000eab00000,0x00000000eab00000,0x00000000ec080000)
  from space 512K, 87% used [0x00000000ec180000,0x00000000ec1f0000,0x00000000ec200000)
  to   space 512K, 0% used [0x00000000ec100000,0x00000000ec100000,0x00000000ec180000)
 ParOldGen       total 68608K, used 36611K [0x00000000c0000000, 0x00000000c4300000, 0x00000000eab00000)
  object space 68608K, 53% used [0x00000000c0000000,0x00000000c23c0fd0,0x00000000c4300000)
 Metaspace       used 31065K, committed 31744K, reserved 1081344K
  class space    used 3028K, committed 3328K, reserved 1048576K
}
Event: 477.526 GC heap before
{Heap before GC invocations=40 (full 1):
 PSYoungGen      total 22528K, used 22464K [0x00000000eab00000, 0x00000000ec200000, 0x0000000100000000)
  eden space 22016K, 100% used [0x00000000eab00000,0x00000000ec080000,0x00000000ec080000)
  from space 512K, 87% used [0x00000000ec180000,0x00000000ec1f0000,0x00000000ec200000)
  to   space 512K, 0% used [0x00000000ec100000,0x00000000ec100000,0x00000000ec180000)
 ParOldGen       total 68608K, used 36611K [0x00000000c0000000, 0x00000000c4300000, 0x00000000eab00000)
  object space 68608K, 53% used [0x00000000c0000000,0x00000000c23c0fd0,0x00000000c4300000)
 Metaspace       used 32961K, committed 33664K, reserved 1081344K
  class space    used 3247K, committed 3584K, reserved 1048576K
}
Event: 477.531 GC heap after
{Heap after GC invocations=40 (full 1):
 PSYoungGen      total 22528K, used 470K [0x00000000eab00000, 0x00000000ec200000, 0x0000000100000000)
  eden space 22016K, 0% used [0x00000000eab00000,0x00000000eab00000,0x00000000ec080000)
  from space 512K, 91% used [0x00000000ec100000,0x00000000ec175a20,0x00000000ec180000)
  to   space 512K, 0% used [0x00000000ec180000,0x00000000ec180000,0x00000000ec200000)
 ParOldGen       total 68608K, used 37035K [0x00000000c0000000, 0x00000000c4300000, 0x00000000eab00000)
  object space 68608K, 53% used [0x00000000c0000000,0x00000000c242aed0,0x00000000c4300000)
 Metaspace       used 32961K, committed 33664K, reserved 1081344K
  class space    used 3247K, committed 3584K, reserved 1048576K
}
Event: 479.173 GC heap before
{Heap before GC invocations=41 (full 1):
 PSYoungGen      total 22528K, used 22486K [0x00000000eab00000, 0x00000000ec200000, 0x0000000100000000)
  eden space 22016K, 100% used [0x00000000eab00000,0x00000000ec080000,0x00000000ec080000)
  from space 512K, 91% used [0x00000000ec100000,0x00000000ec175a20,0x00000000ec180000)
  to   space 512K, 0% used [0x00000000ec180000,0x00000000ec180000,0x00000000ec200000)
 ParOldGen       total 68608K, used 37035K [0x00000000c0000000, 0x00000000c4300000, 0x00000000eab00000)
  object space 68608K, 53% used [0x00000000c0000000,0x00000000c242aed0,0x00000000c4300000)
 Metaspace       used 34038K, committed 34752K, reserved 1081344K
  class space    used 3330K, committed 3648K, reserved 1048576K
}
Event: 479.179 GC heap after
{Heap after GC invocations=41 (full 1):
 PSYoungGen      total 21504K, used 499K [0x00000000eab00000, 0x00000000ec480000, 0x0000000100000000)
  eden space 20992K, 0% used [0x00000000eab00000,0x00000000eab00000,0x00000000ebf80000)
  from space 512K, 97% used [0x00000000ec180000,0x00000000ec1fcd58,0x00000000ec200000)
  to   space 2048K, 0% used [0x00000000ebf80000,0x00000000ebf80000,0x00000000ec180000)
 ParOldGen       total 68608K, used 38124K [0x00000000c0000000, 0x00000000c4300000, 0x00000000eab00000)
  object space 68608K, 55% used [0x00000000c0000000,0x00000000c253b2b8,0x00000000c4300000)
 Metaspace       used 34038K, committed 34752K, reserved 1081344K
  class space    used 3330K, committed 3648K, reserved 1048576K
}
Event: 480.306 GC heap before
{Heap before GC invocations=42 (full 1):
 PSYoungGen      total 21504K, used 21491K [0x00000000eab00000, 0x00000000ec480000, 0x0000000100000000)
  eden space 20992K, 100% used [0x00000000eab00000,0x00000000ebf80000,0x00000000ebf80000)
  from space 512K, 97% used [0x00000000ec180000,0x00000000ec1fcd58,0x00000000ec200000)
  to   space 2048K, 0% used [0x00000000ebf80000,0x00000000ebf80000,0x00000000ec180000)
 ParOldGen       total 68608K, used 38124K [0x00000000c0000000, 0x00000000c4300000, 0x00000000eab00000)
  object space 68608K, 55% used [0x00000000c0000000,0x00000000c253b2b8,0x00000000c4300000)
 Metaspace       used 34393K, committed 35136K, reserved 1081344K
  class space    used 3357K, committed 3712K, reserved 1048576K
}
Event: 480.308 GC heap after
{Heap after GC invocations=42 (full 1):
 PSYoungGen      total 21504K, used 128K [0x00000000eab00000, 0x00000000ec200000, 0x0000000100000000)
  eden space 20992K, 0% used [0x00000000eab00000,0x00000000eab00000,0x00000000ebf80000)
  from space 512K, 25% used [0x00000000ebf80000,0x00000000ebfa0000,0x00000000ec000000)
  to   space 1024K, 0% used [0x00000000ec100000,0x00000000ec100000,0x00000000ec200000)
 ParOldGen       total 68608K, used 38292K [0x00000000c0000000, 0x00000000c4300000, 0x00000000eab00000)
  object space 68608K, 55% used [0x00000000c0000000,0x00000000c25652b8,0x00000000c4300000)
 Metaspace       used 34393K, committed 35136K, reserved 1081344K
  class space    used 3357K, committed 3712K, reserved 1048576K
}

